<?xml version="1.0" encoding="UTF-8"?>
<!-- Generated by org.testng.reporters.JUnitXMLReporter -->
<testsuite hostname="LENOVO" ignored="0" name="Default test" tests="2" failures="0" timestamp="17 Mar 2018 15:21:44 GMT" time="30.353" errors="0">
  <testcase name="validateCreateNewContact" time="0.0" classname="com.crm.qa.testcases.ContactsPageTest">
    <skipped/>
  </testcase> <!-- validateCreateNewContact -->
  <testcase name="verifyContactsPageLabel" time="1.793" classname="com.crm.qa.testcases.ContactsPageTest"/>
</testsuite> <!-- Default test -->
