<?xml version="1.0" encoding="UTF-8"?>
<testng-results skipped="0" failed="0" ignored="0" total="6" passed="6">
  <reporter-output>
  </reporter-output>
  <suite name="Free CRM Application Test Automation Test Suite" duration-ms="82855" started-at="2018-03-17T15:24:01Z" finished-at="2018-03-17T15:25:24Z">
    <groups>
    </groups>
    <test name="Free CRM Application Test Cases" duration-ms="82855" started-at="2018-03-17T15:24:01Z" finished-at="2018-03-17T15:25:24Z">
      <class name="com.crm.qa.testcases.HomePageTest">
        <test-method status="PASS" signature="setUp()[pri:0, instance:com.crm.qa.testcases.HomePageTest@3abbfa04]" name="setUp" is-config="true" duration-ms="17263" started-at="2018-03-17T15:24:12Z" finished-at="2018-03-17T15:24:30Z">
          <reporter-output>
          </reporter-output>
        </test-method> <!-- setUp -->
        <test-method status="PASS" signature="verifyHomePageTitle()[pri:1, instance:com.crm.qa.testcases.HomePageTest@3abbfa04]" name="verifyHomePageTitle" duration-ms="15" started-at="2018-03-17T15:24:30Z" finished-at="2018-03-17T15:24:30Z">
          <reporter-output>
          </reporter-output>
        </test-method> <!-- verifyHomePageTitle -->
        <test-method status="PASS" signature="tearDown()[pri:0, instance:com.crm.qa.testcases.HomePageTest@3abbfa04]" name="tearDown" is-config="true" duration-ms="618" started-at="2018-03-17T15:24:30Z" finished-at="2018-03-17T15:24:30Z">
          <reporter-output>
          </reporter-output>
        </test-method> <!-- tearDown -->
        <test-method status="PASS" signature="setUp()[pri:0, instance:com.crm.qa.testcases.HomePageTest@3abbfa04]" name="setUp" is-config="true" duration-ms="13902" started-at="2018-03-17T15:24:39Z" finished-at="2018-03-17T15:24:53Z">
          <reporter-output>
          </reporter-output>
        </test-method> <!-- setUp -->
        <test-method status="PASS" signature="verifyUserNameTest()[pri:2, instance:com.crm.qa.testcases.HomePageTest@3abbfa04]" name="verifyUserNameTest" duration-ms="103" started-at="2018-03-17T15:24:53Z" finished-at="2018-03-17T15:24:53Z">
          <reporter-output>
          </reporter-output>
        </test-method> <!-- verifyUserNameTest -->
        <test-method status="PASS" signature="tearDown()[pri:0, instance:com.crm.qa.testcases.HomePageTest@3abbfa04]" name="tearDown" is-config="true" duration-ms="645" started-at="2018-03-17T15:24:53Z" finished-at="2018-03-17T15:24:54Z">
          <reporter-output>
          </reporter-output>
        </test-method> <!-- tearDown -->
        <test-method status="PASS" signature="setUp()[pri:0, instance:com.crm.qa.testcases.HomePageTest@3abbfa04]" name="setUp" is-config="true" duration-ms="14246" started-at="2018-03-17T15:25:09Z" finished-at="2018-03-17T15:25:23Z">
          <reporter-output>
          </reporter-output>
        </test-method> <!-- setUp -->
        <test-method status="PASS" signature="verifyContactsLinkTest()[pri:3, instance:com.crm.qa.testcases.HomePageTest@3abbfa04]" name="verifyContactsLinkTest" duration-ms="171" started-at="2018-03-17T15:25:23Z" finished-at="2018-03-17T15:25:23Z">
          <reporter-output>
          </reporter-output>
        </test-method> <!-- verifyContactsLinkTest -->
        <test-method status="PASS" signature="tearDown()[pri:0, instance:com.crm.qa.testcases.HomePageTest@3abbfa04]" name="tearDown" is-config="true" duration-ms="604" started-at="2018-03-17T15:25:23Z" finished-at="2018-03-17T15:25:24Z">
          <reporter-output>
          </reporter-output>
        </test-method> <!-- tearDown -->
      </class> <!-- com.crm.qa.testcases.HomePageTest -->
      <class name="com.crm.qa.testcases.LoginPageTest">
        <test-method status="PASS" signature="setUp()[pri:0, instance:com.crm.qa.testcases.LoginPageTest@239963d8]" name="setUp" is-config="true" duration-ms="10779" started-at="2018-03-17T15:24:01Z" finished-at="2018-03-17T15:24:12Z">
          <reporter-output>
          </reporter-output>
        </test-method> <!-- setUp -->
        <test-method status="PASS" signature="loginPageTitleTest()[pri:1, instance:com.crm.qa.testcases.LoginPageTest@239963d8]" name="loginPageTitleTest" duration-ms="28" started-at="2018-03-17T15:24:12Z" finished-at="2018-03-17T15:24:12Z">
          <reporter-output>
          </reporter-output>
        </test-method> <!-- loginPageTitleTest -->
        <test-method status="PASS" signature="tearDown()[pri:0, instance:com.crm.qa.testcases.LoginPageTest@239963d8]" name="tearDown" is-config="true" duration-ms="617" started-at="2018-03-17T15:24:12Z" finished-at="2018-03-17T15:24:12Z">
          <reporter-output>
          </reporter-output>
        </test-method> <!-- tearDown -->
        <test-method status="PASS" signature="setUp()[pri:0, instance:com.crm.qa.testcases.LoginPageTest@239963d8]" name="setUp" is-config="true" duration-ms="7960" started-at="2018-03-17T15:24:30Z" finished-at="2018-03-17T15:24:38Z">
          <reporter-output>
          </reporter-output>
        </test-method> <!-- setUp -->
        <test-method status="PASS" signature="crmLogoImageTest()[pri:2, instance:com.crm.qa.testcases.LoginPageTest@239963d8]" name="crmLogoImageTest" duration-ms="163" started-at="2018-03-17T15:24:38Z" finished-at="2018-03-17T15:24:38Z">
          <reporter-output>
          </reporter-output>
        </test-method> <!-- crmLogoImageTest -->
        <test-method status="PASS" signature="tearDown()[pri:0, instance:com.crm.qa.testcases.LoginPageTest@239963d8]" name="tearDown" is-config="true" duration-ms="607" started-at="2018-03-17T15:24:38Z" finished-at="2018-03-17T15:24:39Z">
          <reporter-output>
          </reporter-output>
        </test-method> <!-- tearDown -->
        <test-method status="PASS" signature="setUp()[pri:0, instance:com.crm.qa.testcases.LoginPageTest@239963d8]" name="setUp" is-config="true" duration-ms="8924" started-at="2018-03-17T15:24:54Z" finished-at="2018-03-17T15:25:03Z">
          <reporter-output>
          </reporter-output>
        </test-method> <!-- setUp -->
        <test-method status="PASS" signature="loginTest()[pri:3, instance:com.crm.qa.testcases.LoginPageTest@239963d8]" name="loginTest" duration-ms="5534" started-at="2018-03-17T15:25:03Z" finished-at="2018-03-17T15:25:08Z">
          <reporter-output>
          </reporter-output>
        </test-method> <!-- loginTest -->
        <test-method status="PASS" signature="tearDown()[pri:0, instance:com.crm.qa.testcases.LoginPageTest@239963d8]" name="tearDown" is-config="true" duration-ms="630" started-at="2018-03-17T15:25:08Z" finished-at="2018-03-17T15:25:09Z">
          <reporter-output>
          </reporter-output>
        </test-method> <!-- tearDown -->
      </class> <!-- com.crm.qa.testcases.LoginPageTest -->
    </test> <!-- Free CRM Application Test Cases -->
  </suite> <!-- Free CRM Application Test Automation Test Suite -->
</testng-results>
